[0115/090613.798:ERROR:directory_reader_win.cc(43)] FindFirstFile: Системе не удается найти указанный путь. (0x3)
[0115/103728.671:ERROR:process_reader_win.cc(151)] SuspendThread: Отказано в доступе. (0x5)
[0115/103728.671:ERROR:process_reader_win.cc(151)] SuspendThread: Отказано в доступе. (0x5)
[0115/103728.687:ERROR:process_reader_win.cc(151)] SuspendThread: Отказано в доступе. (0x5)
[0115/103728.687:ERROR:process_reader_win.cc(151)] SuspendThread: Отказано в доступе. (0x5)
[0115/103728.687:ERROR:process_reader_win.cc(151)] SuspendThread: Отказано в доступе. (0x5)
[0115/103728.687:ERROR:process_reader_win.cc(151)] SuspendThread: Отказано в доступе. (0x5)
[0115/103728.687:ERROR:process_reader_win.cc(151)] SuspendThread: Отказано в доступе. (0x5)
[0115/103728.687:ERROR:process_reader_win.cc(123)] NtOpenThread: Указан неверный код клиента. (0xc000000b)
[0115/103728.671:ERROR:process_reader_win.cc(123)] NtOpenThread: {Отказано в доступе} Процесс запросил доступ к объекту, но права на доступ не предоставлены. (0xc0000022)
[0115/103728.734:ERROR:exception_snapshot_win.cc(99)] thread ID 11220 not found in process
[0115/103728.734:ERROR:process_reader_win.cc(123)] NtOpenThread: Указан неверный код клиента. (0xc000000b)
[0115/103728.734:ERROR:process_reader_win.cc(123)] NtOpenThread: Указан неверный код клиента. (0xc000000b)
[0115/103728.734:ERROR:scoped_process_suspend.cc(40)] NtResumeProcess: Попытка доступа к процессу, выполняющему процедуру завершения. (0xc000010a)
[0115/103728.734:ERROR:process_reader_win.cc(123)] NtOpenThread: Указан неверный код клиента. (0xc000000b)
[0115/103728.734:ERROR:process_reader_win.cc(123)] NtOpenThread: Указан неверный код клиента. (0xc000000b)
[0115/103728.734:ERROR:process_reader_win.cc(123)] NtOpenThread: Указан неверный код клиента. (0xc000000b)
[0115/103728.734:ERROR:process_reader_win.cc(123)] NtOpenThread: Указан неверный код клиента. (0xc000000b)
[0115/103728.734:ERROR:process_reader_win.cc(123)] NtOpenThread: Указан неверный код клиента. (0xc000000b)
[0115/103728.734:ERROR:process_reader_win.cc(123)] NtOpenThread: Указан неверный код клиента. (0xc000000b)
[0115/103728.734:ERROR:process_reader_win.cc(123)] NtOpenThread: Указан неверный код клиента. (0xc000000b)
[0115/103728.734:ERROR:process_reader_win.cc(123)] NtOpenThread: {Отказано в доступе} Процесс запросил доступ к объекту, но права на доступ не предоставлены. (0xc0000022)
[0115/103728.734:ERROR:exception_snapshot_win.cc(99)] thread ID 4884 not found in process
[0115/103728.734:ERROR:scoped_process_suspend.cc(40)] NtResumeProcess: Попытка доступа к процессу, выполняющему процедуру завершения. (0xc000010a)
[0116/021108.205:ERROR:directory_reader_win.cc(43)] FindFirstFile: Системе не удается найти указанный путь. (0x3)
[0117/144721.507:ERROR:directory_reader_win.cc(43)] FindFirstFile: Системе не удается найти указанный путь. (0x3)
[0120/203022.789:ERROR:directory_reader_win.cc(43)] FindFirstFile: Системе не удается найти указанный путь. (0x3)
[0122/231239.635:ERROR:directory_reader_win.cc(43)] FindFirstFile: Системе не удается найти указанный путь. (0x3)
[0125/234637.069:ERROR:directory_reader_win.cc(43)] FindFirstFile: Системе не удается найти указанный путь. (0x3)
[0126/191248.929:ERROR:directory_reader_win.cc(43)] FindFirstFile: Системе не удается найти указанный путь. (0x3)
